This file contains any messages produced by compilers while
running configure, to aid debugging if configure makes a mistake.

It was created by configure, which was
generated by GNU Autoconf 2.69.  Invocation command line was

  $ ./configure --with-mpiP=/home/g/Documents/new_life/mpiP-3.3/lib/libmpiP.a

## --------- ##
## Platform. ##
## --------- ##

hostname = G
uname -m = x86_64
uname -r = 3.8.0-30-generic
uname -s = Linux
uname -v = #44-Ubuntu SMP Thu Aug 22 20:52:24 UTC 2013

/usr/bin/uname -p = unknown
/bin/uname -X     = unknown

/bin/arch              = unknown
/usr/bin/arch -k       = unknown
/usr/convex/getsysinfo = unknown
/usr/bin/hostinfo      = unknown
/bin/machine           = unknown
/usr/bin/oslevel       = unknown
/bin/universe          = unknown

PATH: /usr/local/sbin
PATH: /usr/local/bin
PATH: /usr/sbin
PATH: /usr/bin
PATH: /sbin
PATH: /bin


## ----------- ##
## Core tests. ##
## ----------- ##

configure:2407: checking for gcc
configure:2434: result: gcc -std=gnu99
configure:2663: checking for C compiler version
configure:2672: gcc -std=gnu99 --version >&5
gcc (Ubuntu/Linaro 4.7.3-1ubuntu1) 4.7.3
Copyright (C) 2012 Free Software Foundation, Inc.
This is free software; see the source for copying conditions.  There is NO
warranty; not even for MERCHANTABILITY or FITNESS FOR A PARTICULAR PURPOSE.

configure:2683: $? = 0
configure:2672: gcc -std=gnu99 -v >&5
Using built-in specs.
COLLECT_GCC=gcc
COLLECT_LTO_WRAPPER=/usr/lib/gcc/x86_64-linux-gnu/4.7/lto-wrapper
Target: x86_64-linux-gnu
Configured with: ../src/configure -v --with-pkgversion='Ubuntu/Linaro 4.7.3-1ubuntu1' --with-bugurl=file:///usr/share/doc/gcc-4.7/README.Bugs --enable-languages=c,c++,go,fortran,objc,obj-c++ --prefix=/usr --program-suffix=-4.7 --enable-shared --enable-linker-build-id --libexecdir=/usr/lib --without-included-gettext --enable-threads=posix --with-gxx-include-dir=/usr/include/c++/4.7 --libdir=/usr/lib --enable-nls --with-sysroot=/ --enable-clocale=gnu --enable-libstdcxx-debug --enable-libstdcxx-time=yes --enable-gnu-unique-object --enable-plugin --with-system-zlib --enable-objc-gc --with-cloog --enable-cloog-backend=ppl --disable-cloog-version-check --disable-ppl-version-check --enable-multiarch --disable-werror --with-arch-32=i686 --with-abi=m64 --with-multilib-list=m32,m64,mx32 --with-tune=generic --enable-checking=release --build=x86_64-linux-gnu --host=x86_64-linux-gnu --target=x86_64-linux-gnu
Thread model: posix
gcc version 4.7.3 (Ubuntu/Linaro 4.7.3-1ubuntu1) 
configure:2683: $? = 0
configure:2672: gcc -std=gnu99 -V >&5
gcc: error: unrecognized command line option '-V'
gcc: fatal error: no input files
compilation terminated.
configure:2683: $? = 4
configure:2672: gcc -std=gnu99 -qversion >&5
gcc: error: unrecognized command line option '-qversion'
gcc: fatal error: no input files
compilation terminated.
configure:2683: $? = 4
configure:2703: checking whether the C compiler works
configure:2725: gcc -std=gnu99    conftest.c  >&5
configure:2729: $? = 0
configure:2777: result: yes
configure:2780: checking for C compiler default output file name
configure:2782: result: a.out
configure:2788: checking for suffix of executables
configure:2795: gcc -std=gnu99 -o conftest    conftest.c  >&5
configure:2799: $? = 0
configure:2821: result: 
configure:2843: checking whether we are cross compiling
configure:2851: gcc -std=gnu99 -o conftest    conftest.c  >&5
configure:2855: $? = 0
configure:2862: ./conftest
configure:2866: $? = 0
configure:2881: result: no
configure:2886: checking for suffix of object files
configure:2908: gcc -std=gnu99 -c   conftest.c >&5
configure:2912: $? = 0
configure:2933: result: o
configure:2937: checking whether we are using the GNU C compiler
configure:2956: gcc -std=gnu99 -c   conftest.c >&5
configure:2956: $? = 0
configure:2965: result: yes
configure:2974: checking whether gcc -std=gnu99 accepts -g
configure:2994: gcc -std=gnu99 -c -g  conftest.c >&5
configure:2994: $? = 0
configure:3035: result: yes
configure:3052: checking for gcc -std=gnu99 option to accept ISO C89
configure:3115: gcc -std=gnu99  -c -g -O2  conftest.c >&5
configure:3115: $? = 0
configure:3128: result: none needed
configure:3156: checking for mpirun
configure:3172: found /usr/local/bin/mpirun
configure:3184: result: mpirun
configure:3194: checking for mpiexec
configure:3210: found /usr/local/bin/mpiexec
configure:3222: result: mpiexec
configure:3232: checking for orterun
configure:3248: found /usr/local/bin/orterun
configure:3260: result: orterun
configure:3270: checking for sed
configure:3298: result: /bin/sed
configure:3308: checking for mpicc
configure:3324: found /usr/local/bin/mpicc
configure:3336: result: mpicc
configure:3346: checking for ompi_info
configure:3362: found /usr/local/bin/ompi_info
configure:3374: result: ompi_info
configure:3384: checking for mpich2version
configure:3412: result: F
configure:4404: checking for openpty in -lutil
configure:4429: gcc -std=gnu99 -o conftest -g -O2   conftest.c -lutil   >&5
configure:4429: $? = 0
configure:4438: result: yes
configure:4444: checking for main in -lpthread
configure:4463: gcc -std=gnu99 -o conftest -g -O2   conftest.c -lpthread   >&5
configure:4463: $? = 0
configure:4472: result: yes
configure:6408: creating ./config.status

## ---------------------- ##
## Running config.status. ##
## ---------------------- ##

This file was extended by config.status, which was
generated by GNU Autoconf 2.69.  Invocation command line was

  CONFIG_FILES    = 
  CONFIG_HEADERS  = 
  CONFIG_LINKS    = 
  CONFIG_COMMANDS = 
  $ ./config.status 

on G

config.status:814: creating src/Makevars

## ---------------- ##
## Cache variables. ##
## ---------------- ##

ac_cv_c_compiler_gnu=yes
ac_cv_env_CC_set=
ac_cv_env_CC_value=
ac_cv_env_CFLAGS_set=
ac_cv_env_CFLAGS_value=
ac_cv_env_CPPFLAGS_set=
ac_cv_env_CPPFLAGS_value=
ac_cv_env_CPP_set=
ac_cv_env_CPP_value=
ac_cv_env_LDFLAGS_set=
ac_cv_env_LDFLAGS_value=
ac_cv_env_LIBS_set=
ac_cv_env_LIBS_value=
ac_cv_env_build_alias_set=
ac_cv_env_build_alias_value=
ac_cv_env_host_alias_set=
ac_cv_env_host_alias_value=
ac_cv_env_target_alias_set=
ac_cv_env_target_alias_value=
ac_cv_lib_pthread_main=yes
ac_cv_lib_util_openpty=yes
ac_cv_objext=o
ac_cv_prog_MPICC=mpicc
ac_cv_prog_MPICH2VERSION=F
ac_cv_prog_MPIEXEC=mpiexec
ac_cv_prog_MPIRUN=mpirun
ac_cv_prog_OMPI_INFO=ompi_info
ac_cv_prog_ORTERUN=orterun
ac_cv_prog_SED=/bin/sed
ac_cv_prog_ac_ct_CC='gcc -std=gnu99'
ac_cv_prog_cc_c89=
ac_cv_prog_cc_g=yes

## ----------------- ##
## Output variables. ##
## ----------------- ##

CC='gcc -std=gnu99'
CFLAGS='-g -O2'
CPP=''
CPPFLAGS=''
DEFS='-DHAVE_CONFIG_H'
ECHO_C=''
ECHO_N='-n'
ECHO_T=''
EGREP=''
EXEEXT=''
FPMPI_EXT_LINK=''
FPMPI_INTERNAL=''
FPMPI_OBJS=''
GREP=''
INT32=''
LDFLAGS=''
LIBOBJS=''
LIBS=''
LTLIBOBJS=''
MPICC='mpicc'
MPICH2VERSION='F'
MPIEXEC='mpiexec'
MPIP_EXT_LINK='/home/g/Documents/new_life/mpiP-3.3/lib/libmpiP.a'
MPIRUN='mpirun'
MPITYPE='OPENMPI'
MPI_DEFS='-DMPI2'
MPI_INCL2=''
MPI_INCLUDE_PATH='/usr/local/include'
MPI_LIBPATH='/usr/local/lib'
MPI_LIBS=' -lutil -lpthread'
MPI_ROOT=''
OBJEXT='o'
OMPI_INFO='ompi_info'
ORTERUN='orterun'
PACKAGE_BUGREPORT=''
PACKAGE_NAME=''
PACKAGE_STRING=''
PACKAGE_TARNAME=''
PACKAGE_URL=''
PACKAGE_VERSION=''
PATH_SEPARATOR=':'
PKG_CPPFLAGS='-I/usr/local/include  -DMPI2 -DOPENMPI'
PKG_LIBS='-L/usr/local/lib -lmpi  -lutil -lpthread'
PROF_TYPE='mpiP'
R_FPMPI=''
SED='/bin/sed'
SHELL='/bin/bash'
TAU_EXT_LINK=''
TMP_INC='/usr/local/include'
TMP_LIB='/usr/local/lib'
ac_ct_CC='gcc -std=gnu99'
bindir='${exec_prefix}/bin'
build_alias=''
datadir='${datarootdir}'
datarootdir='${prefix}/share'
docdir='${datarootdir}/doc/${PACKAGE}'
dvidir='${docdir}'
exec_prefix='${prefix}'
host_alias=''
htmldir='${docdir}'
includedir='${prefix}/include'
infodir='${datarootdir}/info'
libdir='${exec_prefix}/lib'
libexecdir='${exec_prefix}/libexec'
localedir='${datarootdir}/locale'
localstatedir='${prefix}/var'
mandir='${datarootdir}/man'
oldincludedir='/usr/include'
pdfdir='${docdir}'
prefix='/usr/local'
program_transform_name='s,x,x,'
psdir='${docdir}'
sbindir='${exec_prefix}/sbin'
sharedstatedir='${prefix}/com'
sysconfdir='${prefix}/etc'
target_alias=''

## ----------- ##
## confdefs.h. ##
## ----------- ##

/* confdefs.h */
#define PACKAGE_NAME ""
#define PACKAGE_TARNAME ""
#define PACKAGE_VERSION ""
#define PACKAGE_STRING ""
#define PACKAGE_BUGREPORT ""
#define PACKAGE_URL ""

configure: exit 0
