\BOOKMARK [1][-]{section*.2}{Acknowledgement -0.3cm}{}% 1
\BOOKMARK [1][-]{section.1}{Introduction}{}% 2
\BOOKMARK [2][-]{subsection.1.1}{System Requirements}{section.1}% 3
\BOOKMARK [1][-]{section.2}{Installation}{}% 4
\BOOKMARK [2][-]{subsection.2.1}{fpmpi}{section.2}% 5
\BOOKMARK [3][-]{subsubsection.2.1.1}{Reinstall pbdMPI}{subsection.2.1}% 6
\BOOKMARK [3][-]{subsubsection.2.1.2}{Reinstall pbdBASE}{subsection.2.1}% 7
\BOOKMARK [3][-]{subsubsection.2.1.3}{Reinstall Rmpi}{subsection.2.1}% 8
\BOOKMARK [2][-]{subsection.2.2}{mpiP}{section.2}% 9
\BOOKMARK [1][-]{section.3}{Test Scripts}{}% 10
\BOOKMARK [2][-]{subsection.3.1}{Test with pbdMPI}{section.3}% 11
\BOOKMARK [2][-]{subsection.3.2}{Test with Rmpi}{section.3}% 12
\BOOKMARK [1][-]{section.4}{Profiling with fpmpi}{}% 13
\BOOKMARK [2][-]{subsection.4.1}{Demo of pbdMPI}{section.4}% 14
\BOOKMARK [2][-]{subsection.4.2}{Demo of pbdDMAT}{section.4}% 15
\BOOKMARK [2][-]{subsection.4.3}{Demo of Rmpi}{section.4}% 16
\BOOKMARK [1][-]{section.5}{Profilling}{}% 17
\BOOKMARK [2][-]{subsection.5.1}{Profilling of fpmpi}{section.5}% 18
\BOOKMARK [1][-]{section.6}{Debugging pbdPROF}{}% 19
\BOOKMARK [2][-]{subsection.6.1}{Installation related problems}{section.6}% 20
\BOOKMARK [2][-]{subsection.6.2}{Error on running}{section.6}% 21
